<?xml version="1.0" encoding="UTF-8"?>
<testsuite name="Gestionar producto Linio" tests="1" skipped="0" failures="0" errors="0" timestamp="2019-12-26T17:21:54" hostname="CHMEPPF10MKEB" time="35.062">
  <properties/>
  <testcase name="agregar producto al carrito" classname="Gestionar producto Linio" time="35.062"/>
  <system-out><![CDATA[Veo que esta validando
Veo que esta ya valido
]]></system-out>
  <system-err><![CDATA[dic 26, 2019 12:21:55 PM org.openqa.selenium.remote.DesiredCapabilities chrome
INFORMACIÓN: Using `new ChromeOptions()` is preferred to `DesiredCapabilities.chrome()`
Starting ChromeDriver 78.0.3904.105 (60e2d8774a8151efa6a00b1f358371b1e0e07ee2-refs/branch-heads/3904@{#877}) on port 16004
Only local connections are allowed.
Please protect ports used by ChromeDriver and related test frameworks to prevent access by malicious code.
dic 26, 2019 12:22:02 PM org.openqa.selenium.remote.ProtocolHandshake createSession
INFORMACIÓN: Detected dialect: W3C
[Test worker] INFO net.serenitybdd.core.Serenity - 
        __    _____ _____ ____ _____   ____   _    ____  ____  _____ ____  
  _     \ \  |_   _| ____/ ___|_   _| |  _ \ / \  / ___|/ ___|| ____|  _ \ 
 (_)_____| |   | | |  _| \___ \ | |   | |_) / _ \ \___ \\___ \|  _| | | | |
  _|_____| |   | | | |___ ___) || |   |  __/ ___ \ ___) |___) | |___| |_| |
 (_)     | |   |_| |_____|____/ |_|   |_| /_/   \_\____/|____/|_____|____/ 
        /_/                                                                

TEST PASSED: agregar producto al carrito
----------------------------------------------------------------------------
]]></system-err>
</testsuite>
